<?xml version="1.0" encoding="UTF-8"?>
<!-- Generated by org.testng.reporters.JUnitXMLReporter -->
<testsuite ignored="16" hostname="Shwetha" failures="1" tests="5" name="Test" time="108.674" errors="0" timestamp="2025-03-21T09:06:36 CET">
  <testcase classname="tests.SubmitReviewTest" name="testSubmitReview" time="19.02">
    <failure type="java.lang.AssertionError" message="Error message not displayed correctly. expected [true] but found [false]">
      <![CDATA[java.lang.AssertionError: Error message not displayed correctly. expected [true] but found [false]
at tests.SubmitReviewTest.testSubmitReview(SubmitReviewTest.java:71)
at java.base/java.util.ArrayList.forEach(ArrayList.java:1596)
... Removed 28 stack frames]]>
    </failure>
  </testcase> <!-- testSubmitReview -->
  <testcase classname="tests.PlaceOrderWomenTest" name="testPlaceOrderWomen" time="27.067"/>
  <testcase classname="tests.ExternalAPIInteractionTest" name="testMagentoDemoSite" time="9.769"/>
  <testcase classname="tests.InvalidLoginTest" name="testInvalidLogin" time="27.734"/>
  <testcase classname="tests.CreateAccountExistingMailIDTest" name="testExistingEmailErrorMessage" time="8.053"/>
  <testcase classname="utilities.BaseClass" name="@BeforeSuite setUp1" time="0.0">
    <ignored/>
  </testcase> <!-- @BeforeSuite setUp1 -->
  <testcase classname="utilities.BaseClass" name="@AfterTest AT" time="0.0">
    <ignored/>
  </testcase> <!-- @AfterTest AT -->
  <testcase classname="utilities.BaseClass" name="@BeforeTest BT" time="0.0">
    <ignored/>
  </testcase> <!-- @BeforeTest BT -->
  <testcase classname="utilities.BaseClass" name="@AfterSuite AS" time="0.0">
    <ignored/>
  </testcase> <!-- @AfterSuite AS -->
  <testcase classname="utilities.BaseClass" name="@BeforeSuite setUp1" time="0.0">
    <ignored/>
  </testcase> <!-- @BeforeSuite setUp1 -->
  <testcase classname="utilities.BaseClass" name="@BeforeSuite setUp1" time="0.0">
    <ignored/>
  </testcase> <!-- @BeforeSuite setUp1 -->
  <testcase classname="utilities.BaseClass" name="@AfterTest AT" time="0.0">
    <ignored/>
  </testcase> <!-- @AfterTest AT -->
  <testcase classname="utilities.BaseClass" name="@BeforeTest BT" time="0.0">
    <ignored/>
  </testcase> <!-- @BeforeTest BT -->
  <testcase classname="utilities.BaseClass" name="@AfterSuite AS" time="0.0">
    <ignored/>
  </testcase> <!-- @AfterSuite AS -->
  <testcase classname="utilities.BaseClass" name="@AfterTest AT" time="0.0">
    <ignored/>
  </testcase> <!-- @AfterTest AT -->
  <testcase classname="utilities.BaseClass" name="@BeforeTest BT" time="0.0">
    <ignored/>
  </testcase> <!-- @BeforeTest BT -->
  <testcase classname="utilities.BaseClass" name="@AfterSuite AS" time="0.0">
    <ignored/>
  </testcase> <!-- @AfterSuite AS -->
  <testcase classname="utilities.BaseClass" name="@BeforeSuite setUp1" time="0.0">
    <ignored/>
  </testcase> <!-- @BeforeSuite setUp1 -->
  <testcase classname="utilities.BaseClass" name="@BeforeTest BT" time="0.0">
    <ignored/>
  </testcase> <!-- @BeforeTest BT -->
  <testcase classname="utilities.BaseClass" name="@AfterSuite AS" time="0.0">
    <ignored/>
  </testcase> <!-- @AfterSuite AS -->
  <testcase classname="utilities.BaseClass" name="@AfterTest AT" time="0.0">
    <ignored/>
  </testcase> <!-- @AfterTest AT -->
</testsuite> <!-- Test -->
